<?xml version="1.0" encoding="UTF-8"?>
<!-- Generated by org.testng.reporters.JUnitReportReporter -->
<testsuite hostname="DESKTOP-2U16CG4" failures="0" tests="6" name="TestBase.Myinfo_PersonalDetailsTest" time="17.608" errors="0" timestamp="2025-06-03T21:19:10 IST" skipped="0">
  <testcase classname="TestBase.Myinfo_PersonalDetailsTest" name="openMyInfo" time="3.188"/>
  <testcase classname="TestBase.Myinfo_PersonalDetailsTest" name="withoutdetials" time="1.309"/>
  <testcase classname="TestBase.Myinfo_PersonalDetailsTest" name="Add_Attachment" time="7.208"/>
  <testcase classname="TestBase.Myinfo_PersonalDetailsTest" name="FullDetails" time="1.840"/>
  <testcase classname="TestBase.Myinfo_PersonalDetailsTest" name="ClickDownlaodButton" time="2.284"/>
  <testcase classname="TestBase.Myinfo_PersonalDetailsTest" name="ClickDeletebutton" time="1.779"/>
</testsuite> <!-- TestBase.Myinfo_PersonalDetailsTest -->
