<?xml version="1.0" encoding="UTF-8"?>
<!-- Generated by org.testng.reporters.JUnitReportReporter -->
<testsuite hostname="DESKTOP-2U16CG4" failures="0" tests="4" name="TestBase.ProfilepictureTest" time="8.492" errors="0" timestamp="2025-05-27T21:38:30 IST" skipped="0">
  <testcase classname="TestBase.ProfilepictureTest" name="openMyInfo" time="3.516"/>
  <testcase classname="TestBase.ProfilepictureTest" name="clickonPP" time="2.185"/>
  <testcase classname="TestBase.ProfilepictureTest" name="Clickonaddbutton" time="2.245"/>
  <testcase classname="TestBase.ProfilepictureTest" name="Clickonsavebutton" time="0.546"/>
</testsuite> <!-- TestBase.ProfilepictureTest -->
