<?xml version="1.0" encoding="UTF-8"?>
<!-- Generated by org.testng.reporters.JUnitReportReporter -->
<testsuite hostname="DESKTOP-2U16CG4" failures="0" tests="2" name="TestBase.LogoutTest" time="1.411" errors="0" timestamp="2025-05-28T11:14:57 IST" skipped="0">
  <testcase classname="TestBase.LogoutTest" name="click_on_profile_name" time="0.876"/>
  <testcase classname="TestBase.LogoutTest" name="click_on_logout" time="0.535"/>
</testsuite> <!-- TestBase.LogoutTest -->
