<?xml version="1.0" encoding="UTF-8"?>
<!-- Generated by org.testng.reporters.JUnitReportReporter -->
<testsuite hostname="DESKTOP-2U16CG4" failures="0" tests="2" name="TestBase.LogoutTest" time="0.507" errors="0" timestamp="2025-06-04T17:48:31 IST" skipped="0">
  <testcase classname="TestBase.LogoutTest" name="click_on_profile_name" time="0.220"/>
  <testcase classname="TestBase.LogoutTest" name="click_on_logout" time="0.287"/>
</testsuite> <!-- TestBase.LogoutTest -->
