<?xml version="1.0" encoding="UTF-8"?>
<!-- Generated by org.testng.reporters.JUnitReportReporter -->
<testsuite hostname="DESKTOP-2U16CG4" failures="0" tests="4" name="TestBase.LoginTest" time="9.840" errors="0" timestamp="2025-06-04T17:48:31 IST" skipped="0">
  <testcase classname="TestBase.LoginTest" name="invalidcredentials" time="1.214"/>
  <testcase classname="TestBase.LoginTest" name="invalidusername" time="2.739"/>
  <testcase classname="TestBase.LoginTest" name="invalidpassword" time="1.999"/>
  <testcase classname="TestBase.LoginTest" name="Validcredentials" time="3.888"/>
</testsuite> <!-- TestBase.LoginTest -->
