<?xml version="1.0" encoding="UTF-8"?>
<!-- Generated by org.testng.reporters.JUnitReportReporter -->
<testsuite hostname="DESKTOP-2U16CG4" failures="0" tests="4" name="TestBase.ProfilepictureTest" time="12.056" errors="0" timestamp="2025-06-04T17:48:31 IST" skipped="0">
  <testcase classname="TestBase.ProfilepictureTest" name="openMyInfo" time="2.012"/>
  <testcase classname="TestBase.ProfilepictureTest" name="clickonPP" time="0.886"/>
  <testcase classname="TestBase.ProfilepictureTest" name="Clickonaddbutton" time="6.818"/>
  <testcase classname="TestBase.ProfilepictureTest" name="Clickonsavebutton" time="2.340"/>
</testsuite> <!-- TestBase.ProfilepictureTest -->
