<?xml version="1.0" encoding="UTF-8"?>
<!-- Generated by org.testng.reporters.JUnitReportReporter -->
<testsuite hostname="DESKTOP-2U16CG4" failures="0" tests="2" name="TestBase.LogoutTest" time="1.993" errors="0" timestamp="2025-06-04T15:40:43 IST" skipped="0">
  <testcase classname="TestBase.LogoutTest" name="click_on_profile_name" time="1.536"/>
  <testcase classname="TestBase.LogoutTest" name="click_on_logout" time="0.457"/>
</testsuite> <!-- TestBase.LogoutTest -->
