<?xml version="1.0" encoding="UTF-8"?>
<!-- Generated by org.testng.reporters.JUnitReportReporter -->
<testsuite hostname="DESKTOP-2U16CG4" failures="0" tests="4" name="TestBase.LoginTest" time="7.844" errors="0" timestamp="2025-06-04T15:40:43 IST" skipped="0">
  <testcase classname="TestBase.LoginTest" name="invalidcredentials" time="1.004"/>
  <testcase classname="TestBase.LoginTest" name="invalidusername" time="1.773"/>
  <testcase classname="TestBase.LoginTest" name="invalidpassword" time="1.535"/>
  <testcase classname="TestBase.LoginTest" name="Validcredentials" time="3.532"/>
</testsuite> <!-- TestBase.LoginTest -->
